<?xml version="1.0" encoding="UTF-8"?>
<testng-results ignored="0" total="4" passed="4" failed="0" skipped="0">
  <reporter-output>
  </reporter-output>
  <suite started-at="2020-10-04T13:55:19Z" name="Default suite" finished-at="2020-10-04T13:55:25Z" duration-ms="6328">
    <groups>
    </groups>
    <test started-at="2020-10-04T13:55:19Z" name="Default test" finished-at="2020-10-04T13:55:25Z" duration-ms="6328">
      <class name="com.rhipe.qa.testcases.SignUpPageTest">
        <test-method is-config="true" signature="beforMethod()[pri:0, instance:com.rhipe.qa.testcases.SignUpPageTest@20d3d15a]" started-at="2020-10-04T13:55:19Z" name="beforMethod" finished-at="2020-10-04T13:55:23Z" duration-ms="4290" status="PASS">
          <reporter-output>
          </reporter-output>
        </test-method> <!-- beforMethod -->
        <test-method signature="verifyLabelsInSignUp()[pri:1, instance:com.rhipe.qa.testcases.SignUpPageTest@20d3d15a]" started-at="2020-10-04T13:55:23Z" name="verifyLabelsInSignUp" finished-at="2020-10-04T13:55:23Z" duration-ms="212" status="PASS">
          <reporter-output>
          </reporter-output>
        </test-method> <!-- verifyLabelsInSignUp -->
        <test-method signature="validateCreateNewContact(java.lang.String, java.lang.String, java.lang.String, java.lang.String, java.lang.String, java.lang.String, java.lang.String, java.lang.String, java.lang.String, java.lang.String, java.lang.String, java.lang.String, java.lang.String, java.lang.String, java.lang.String, java.lang.String, java.lang.String, java.lang.String, java.lang.String, java.lang.String, java.lang.String, java.lang.String)[pri:2, instance:com.rhipe.qa.testcases.SignUpPageTest@20d3d15a]" started-at="2020-10-04T13:55:24Z" name="validateCreateNewContact" data-provider="getCRMTestData" finished-at="2020-10-04T13:55:25Z" duration-ms="1212" status="PASS">
          <params>
            <param index="0">
              <value>
                <![CDATA[Santa]]>
              </value>
            </param>
            <param index="1">
              <value>
                <![CDATA[3536.0]]>
              </value>
            </param>
            <param index="2">
              <value>
                <![CDATA[King Street]]>
              </value>
            </param>
            <param index="3">
              <value>
                <![CDATA[Collin Street]]>
              </value>
            </param>
            <param index="4">
              <value>
                <![CDATA[Spencer Street]]>
              </value>
            </param>
            <param index="5">
              <value>
                <![CDATA[Melbourne]]>
              </value>
            </param>
            <param index="6">
              <value>
                <![CDATA[Victoria]]>
              </value>
            </param>
            <param index="7">
              <value>
                <![CDATA[Australia]]>
              </value>
            </param>
            <param index="8">
              <value>
                <![CDATA[3000.0]]>
              </value>
            </param>
            <param index="9">
              <value>
                <![CDATA[1234567.0]]>
              </value>
            </param>
            <param index="10">
              <value>
                <![CDATA[4444.0]]>
              </value>
            </param>
            <param index="11">
              <value>
                <![CDATA[www.google.com]]>
              </value>
            </param>
            <param index="12">
              <value>
                <![CDATA[santa@gmail.com]]>
              </value>
            </param>
            <param index="13">
              <value>
                <![CDATA[Rhipe Website]]>
              </value>
            </param>
            <param index="14">
              <value>
                <![CDATA[Finance Provider]]>
              </value>
            </param>
            <param index="15">
              <value>
                <![CDATA[No]]>
              </value>
            </param>
            <param index="16">
              <value>
                <![CDATA[Jennifer]]>
              </value>
            </param>
            <param index="17">
              <value>
                <![CDATA[Corbin]]>
              </value>
            </param>
            <param index="18">
              <value>
                <![CDATA[345678.0]]>
              </value>
            </param>
            <param index="19">
              <value>
                <![CDATA[corbin@gmail.com]]>
              </value>
            </param>
            <param index="20">
              <value>
                <![CDATA[Engineer]]>
              </value>
            </param>
            <param index="21">
              <value>
                <![CDATA[No]]>
              </value>
            </param>
          </params>
          <reporter-output>
          </reporter-output>
        </test-method> <!-- validateCreateNewContact -->
        <test-method signature="verifyTitleOfThePage()[pri:3, instance:com.rhipe.qa.testcases.SignUpPageTest@20d3d15a]" started-at="2020-10-04T13:55:25Z" name="verifyTitleOfThePage" finished-at="2020-10-04T13:55:25Z" duration-ms="19" status="PASS">
          <reporter-output>
          </reporter-output>
        </test-method> <!-- verifyTitleOfThePage -->
        <test-method signature="verifySubmitButtonIsDisplayed()[pri:4, instance:com.rhipe.qa.testcases.SignUpPageTest@20d3d15a]" started-at="2020-10-04T13:55:25Z" name="verifySubmitButtonIsDisplayed" finished-at="2020-10-04T13:55:25Z" duration-ms="38" status="PASS">
          <reporter-output>
          </reporter-output>
        </test-method> <!-- verifySubmitButtonIsDisplayed -->
      </class> <!-- com.rhipe.qa.testcases.SignUpPageTest -->
    </test> <!-- Default test -->
  </suite> <!-- Default suite -->
</testng-results>
