<?xml version="1.0" encoding="UTF-8"?>
<!-- Generated by org.testng.reporters.JUnitXMLReporter -->
<testsuite ignored="0" hostname="Ajinas-MBP" failures="0" tests="4" name="Default test" time="6.328" errors="0" timestamp="04 Oct 2020 13:55:25 GMT">
  <testcase classname="com.rhipe.qa.testcases.SignUpPageTest" name="verifyLabelsInSignUp" time="0.212"/>
  <testcase classname="com.rhipe.qa.testcases.SignUpPageTest" name="validateCreateNewContact" time="1.212"/>
  <testcase classname="com.rhipe.qa.testcases.SignUpPageTest" name="verifyTitleOfThePage" time="0.019"/>
  <testcase classname="com.rhipe.qa.testcases.SignUpPageTest" name="verifySubmitButtonIsDisplayed" time="0.038"/>
</testsuite> <!-- Default test -->
